#
# A fatal error has been detected by the Java Runtime Environment:
#
#  SIGSEGV (0xb) at pc=0x000000011206396b, pid=5604, tid=7427
#
# JRE version: Java(TM) SE Runtime Environment (8.0_51-b16) (build 1.8.0_51-b16)
# Java VM: Java HotSpot(TM) 64-Bit Server VM (25.51-b03 mixed mode bsd-amd64 compressed oops)
# Problematic frame:
# C  [libopencv_java330.dylib+0xf96b]  Java_org_opencv_core_Mat_nGetB+0x9c
#
# Failed to write core dump. Core dumps have been disabled. To enable core dumping, try "ulimit -c unlimited" before starting Java again
#
# If you would like to submit a bug report, please visit:
#   http://bugreport.java.com/bugreport/crash.jsp
# The crash happened outside the Java Virtual Machine in native code.
# See problematic frame for where to report the bug.
#

---------------  T H R E A D  ---------------

Current thread (0x00007fa9e7803000):  JavaThread "main" [_thread_in_native, id=7427, stack(0x00007000040a3000,0x00007000041a3000)]

siginfo: si_signo: 11 (SIGSEGV), si_code: 1 (SEGV_MAPERR), si_addr: 0x00007faa684a03b8

Registers:
RAX=0x0000000781f86848, RBX=0x00007fa9e78031f8, RCX=0x0000000000000000, RDX=0x0000000010000000
RSP=0x00007000041a2690, RBP=0x00007000041a26d0, RSI=0x00007fa9e84a03c0, RDI=0x00000000c349bc58
R8 =0x00000000200007fa, R9 =0x000000000002b501, R10=0x00007fa9e5e01848, R11=0xffffffff00000000
R12=0x0000000000000000, R13=0x0000000000000000, R14=0x00000000000a8c00, R15=0x00007fa9e84a0370
RIP=0x000000011206396b, EFLAGS=0x0000000000010206, ERR=0x0000000000000004
  TRAPNO=0x000000000000000e

Top of Stack: (sp=0x00007000041a2690)
0x00007000041a2690:   000000000000000b 0000000000000006
0x00007000041a26a0:   0000000000000000 0000000781f86838
0x00007000041a26b0:   0000000000000000 00000000f55a03a3
0x00007000041a26c0:   00007000041a2718 00007fa9e7803000
0x00007000041a26d0:   00007000041a2730 000000011649141c
0x00007000041a26e0:   00007000041a2708 00000001164891b1
0x00007000041a26f0:   00007fa9e7803000 000000010ecaa3b8
0x00007000041a2700:   0000000000000000 0000000781f86838
0x00007000041a2710:   0000000000001400 00000007801958c8
0x00007000041a2720:   00000007801958c8 0000000000000002
0x00007000041a2730:   00000007801a61f8 000000011648e46c
0x00007000041a2740:   00007000041a2800 0000000000000006
0x00007000041a2750:   caae128c8ba5008d 00007fa9e78031f8
0x00007000041a2760:   0000000000000000 0000000000000000
0x00007000041a2770:   00007000041a2820 00000007aad01ad0
0x00007000041a2780:   00000007aad01ab0 0000000108b29000
0x00007000041a2790:   0000000781f86838 00000007aad01a20
0x00007000041a27a0:   0000000000000000 00007fa9e84a0370
0x00007000041a27b0:   0000000000000010 0000000001010000
0x00007000041a27c0:   00007fa9eaa86390 0000000000000000
0x00007000041a27d0:   00000007aad01b88 00007000041a2820
0x00007000041a27e0:   00000007801a61f8 00000001164d90ec
0x00007000041a27f0:   00007000041a2810 00007fffbe1e3e2e
0x00007000041a2800:   000000010bcc2ec0 0000000000000f88
0x00007000041a2810:   00007000041a2820 000000011205c35e
0x00007000041a2820:   000000078018cc00 000000011643a3ec
0x00007000041a2830:   00000007801a61f8 00000001164d8264
0x00007000041a2840:   00007000041a2860 00000007aad01a20
0x00007000041a2850:   00000007abc82048 0000028000000005
0x00007000041a2860:   00000007aad01b58 00000001162cdb45
0x00007000041a2870:   00000007801a61f8 00000001163ffe5c
0x00007000041a2880:   00000007802069c8 0000000780206b50 

Instructions: (pc=0x000000011206396b)
0x000000011206394b:   44 89 c7 44 29 ef 49 c1 e8 20 41 0f af f8 44 29
0x000000011206395b:   e7 49 63 57 04 31 c9 48 85 d2 7e 08 49 8b 77 48
0x000000011206396b:   8b 4c d6 f8 0f af cf 44 39 f1 41 0f 4f ce 49 8b
0x000000011206397b:   17 f6 c6 40 0f 85 b5 00 00 00 48 89 5d c8 48 c1 

Register to memory mapping:

RAX=0x0000000781f86848 is pointing into object: 0x0000000781f86838
[B 
 - klass: {type array byte}
 - length: 691200
RBX=0x00007fa9e78031f8 is an unknown value
RCX=0x0000000000000000 is an unknown value
RDX=0x0000000010000000 is an unknown value
RSP=0x00007000041a2690 is pointing into the stack for thread: 0x00007fa9e7803000
RBP=0x00007000041a26d0 is pointing into the stack for thread: 0x00007fa9e7803000
RSI=0x00007fa9e84a03c0 is an unknown value
RDI=0x00000000c349bc58 is an unknown value
R8 =0x00000000200007fa is an unknown value
R9 =0x000000000002b501 is an unknown value
R10=0x00007fa9e5e01848 is an unknown value
R11=0xffffffff00000000 is an unknown value
R12=0x0000000000000000 is an unknown value
R13=0x0000000000000000 is an unknown value
R14=0x00000000000a8c00 is an unknown value
R15=0x00007fa9e84a0370 is an unknown value


Stack: [0x00007000040a3000,0x00007000041a3000],  sp=0x00007000041a2690,  free space=1021k
Native frames: (J=compiled Java code, j=interpreted, Vv=VM code, C=native code)
C  [libopencv_java330.dylib+0xf96b]  Java_org_opencv_core_Mat_nGetB+0x9c
J 642  org.opencv.core.Mat.nGetB(JIII[B)I (0 bytes) @ 0x000000011649141c [0x0000000116491340+0xdc]
J 617 C1 org.opencv.core.Mat.get(II[B)I (133 bytes) @ 0x000000011648e46c [0x000000011648df40+0x52c]

Java frames: (J=compiled Java code, j=interpreted, Vv=VM code)
J 642  org.opencv.core.Mat.nGetB(JIII[B)I (0 bytes) @ 0x00000001164913a2 [0x0000000116491340+0x62]
J 617 C1 org.opencv.core.Mat.get(II[B)I (133 bytes) @ 0x000000011648e46c [0x000000011648df40+0x52c]
J 696 C1 Main.matToBufferedImage(Lorg/opencv/core/Mat;)Ljava/awt/image/BufferedImage; (75 bytes) @ 0x00000001164d90ec [0x00000001164d86a0+0xa4c]
J 416% C2 Main.main([Ljava/lang/String;)V (1938 bytes) @ 0x00000001163ffe5c [0x00000001163fed60+0x10fc]
v  ~StubRoutines::call_stub

---------------  P R O C E S S  ---------------

Java Threads: ( => current thread )
  0x00007fa9e686f800 JavaThread "Thread-0" [_thread_in_Java, id=16411, stack(0x0000700005d62000,0x0000700005e62000)]
  0x00007fa9e7224800 JavaThread "Java2D Disposer" daemon [_thread_blocked, id=124947, stack(0x000070000606e000,0x000070000616e000)]
  0x00007fa9e7176800 JavaThread "Java2D Queue Flusher" daemon [_thread_blocked, id=117595, stack(0x0000700005f6b000,0x000070000606b000)]
  0x00007fa9e78ce800 JavaThread "AppKit Thread" daemon [_thread_in_native, id=775, stack(0x00007fff549e3000,0x00007fff551e3000)]
  0x00007fa9e607c000 JavaThread "Thread-2" [_thread_in_native, id=19971, stack(0x0000700004ecd000,0x0000700004fcd000)]
  0x00007fa9e7815800 JavaThread "Service Thread" daemon [_thread_blocked, id=18947, stack(0x0000700004cc7000,0x0000700004dc7000)]
  0x00007fa9e7817000 JavaThread "C1 CompilerThread2" daemon [_thread_blocked, id=18435, stack(0x0000700004bc4000,0x0000700004cc4000)]
  0x00007fa9e702f800 JavaThread "C2 CompilerThread1" daemon [_thread_blocked, id=17923, stack(0x0000700004ac1000,0x0000700004bc1000)]
  0x00007fa9e7025000 JavaThread "C2 CompilerThread0" daemon [_thread_blocked, id=17411, stack(0x00007000049be000,0x0000700004abe000)]
  0x00007fa9e7024000 JavaThread "Signal Dispatcher" daemon [_thread_blocked, id=16899, stack(0x00007000048bb000,0x00007000049bb000)]
  0x00007fa9e681b000 JavaThread "Finalizer" daemon [_thread_blocked, id=12803, stack(0x00007000047b8000,0x00007000048b8000)]
  0x00007fa9e681a000 JavaThread "Reference Handler" daemon [_thread_blocked, id=12291, stack(0x00007000046b5000,0x00007000047b5000)]
=>0x00007fa9e7803000 JavaThread "main" [_thread_in_native, id=7427, stack(0x00007000040a3000,0x00007000041a3000)]

Other Threads:
  0x00007fa9e700f000 VMThread [stack: 0x00007000045b2000,0x00007000046b2000] [id=11779]
  0x00007fa9e7818000 WatcherThread [stack: 0x0000700004dca000,0x0000700004eca000] [id=19459]

VM state:not at safepoint (normal execution)

VM Mutex/Monitor currently owned by a thread: None

Heap:
 PSYoungGen      total 22016K, used 1534K [0x00000007aab00000, 0x00000007ac480000, 0x00000007c0000000)
  eden space 17920K, 3% used [0x00000007aab00000,0x00000007aabaee40,0x00000007abc80000)
  from space 4096K, 20% used [0x00000007abc80000,0x00000007abd50c10,0x00000007ac080000)
  to   space 4096K, 0% used [0x00000007ac080000,0x00000007ac080000,0x00000007ac480000)
 ParOldGen       total 44032K, used 32973K [0x0000000780000000, 0x0000000782b00000, 0x00000007aab00000)
  object space 44032K, 74% used [0x0000000780000000,0x0000000782033458,0x0000000782b00000)
 Metaspace       used 9426K, capacity 9602K, committed 9856K, reserved 1058816K
  class space    used 994K, capacity 1051K, committed 1152K, reserved 1048576K

Card table byte_map: [0x000000010c729000,0x000000010c92a000] byte_map_base: 0x0000000108b29000

Marking Bits: (ParMarkBitMap*) 0x000000010bcc27a0
 Begin Bits: [0x000000010ca80000, 0x000000010da80000)
 End Bits:   [0x000000010da80000, 0x000000010ea80000)

Polling page: 0x000000010aadd000

CodeCache: size=245760Kb used=4277Kb max_used=4289Kb free=241482Kb
 bounds [0x00000001161c2000, 0x0000000116602000, 0x00000001251c2000]
 total_blobs=1760 nmethods=1105 adapters=569
 compilation: enabled

Compilation events (10 events):
Event: 50.817 Thread 0x00007fa9e7025000 1151       4       java.util.Calendar::complete (40 bytes)
Event: 50.818 Thread 0x00007fa9e7025000 nmethod 1151 0x00000001165eb410 code [0x00000001165eb560, 0x00000001165eb618]
Event: 51.082 Thread 0x00007fa9e7817000 1152   !   3       java.lang.StringCoding::decode (216 bytes)
Event: 51.085 Thread 0x00007fa9e7817000 nmethod 1152 0x00000001165f03d0 code [0x00000001165f0780, 0x00000001165f2aa8]
Event: 51.150 Thread 0x00007fa9e702f800 1153       4       java.util.HashMap::putVal (300 bytes)
Event: 51.170 Thread 0x00007fa9e702f800 nmethod 1153 0x00000001165ef190 code [0x00000001165ef380, 0x00000001165efd70]
Event: 51.235 Thread 0x00007fa9e7025000 1154       4       java.util.HashMap::put (13 bytes)
Event: 51.236 Thread 0x00007fa9e7025000 nmethod 1154 0x00000001165eee10 code [0x00000001165eef60, 0x00000001165ef088]
Event: 51.525 Thread 0x00007fa9e7817000 1155       1       java.lang.ref.Reference::clear (6 bytes)
Event: 51.525 Thread 0x00007fa9e7817000 nmethod 1155 0x00000001165eae10 code [0x00000001165eaf60, 0x00000001165eb090]

GC Heap History (10 events):
Event: 50.288 GC heap before
{Heap before GC invocations=73 (full 0):
 PSYoungGen      total 20992K, used 20844K [0x00000007aab00000, 0x00000007ac700000, 0x00000007c0000000)
  eden space 17920K, 100% used [0x00000007aab00000,0x00000007abc80000,0x00000007abc80000)
  from space 3072K, 95% used [0x00000007ac400000,0x00000007ac6db040,0x00000007ac700000)
  to   space 4096K, 0% used [0x00000007abf00000,0x00000007abf00000,0x00000007ac300000)
 ParOldGen       total 44032K, used 32193K [0x0000000780000000, 0x0000000782b00000, 0x00000007aab00000)
  object space 44032K, 73% used [0x0000000780000000,0x0000000781f707f8,0x0000000782b00000)
 Metaspace       used 9423K, capacity 9602K, committed 9856K, reserved 1058816K
  class space    used 994K, capacity 1051K, committed 1152K, reserved 1048576K
Event: 50.289 GC heap after
Heap after GC invocations=73 (full 0):
 PSYoungGen      total 19968K, used 1542K [0x00000007aab00000, 0x00000007ac480000, 0x00000007c0000000)
  eden space 17920K, 0% used [0x00000007aab00000,0x00000007aab00000,0x00000007abc80000)
  from space 2048K, 75% used [0x00000007abf00000,0x00000007ac081820,0x00000007ac100000)
  to   space 3584K, 0% used [0x00000007ac100000,0x00000007ac100000,0x00000007ac480000)
 ParOldGen       total 44032K, used 32210K [0x0000000780000000, 0x0000000782b00000, 0x00000007aab00000)
  object space 44032K, 73% used [0x0000000780000000,0x0000000781f74808,0x0000000782b00000)
 Metaspace       used 9423K, capacity 9602K, committed 9856K, reserved 1058816K
  class space    used 994K, capacity 1051K, committed 1152K, reserved 1048576K
}
Event: 50.630 GC heap before
{Heap before GC invocations=74 (full 0):
 PSYoungGen      total 19968K, used 19462K [0x00000007aab00000, 0x00000007ac480000, 0x00000007c0000000)
  eden space 17920K, 100% used [0x00000007aab00000,0x00000007abc80000,0x00000007abc80000)
  from space 2048K, 75% used [0x00000007abf00000,0x00000007ac081820,0x00000007ac100000)
  to   space 3584K, 0% used [0x00000007ac100000,0x00000007ac100000,0x00000007ac480000)
 ParOldGen       total 44032K, used 32210K [0x0000000780000000, 0x0000000782b00000, 0x00000007aab00000)
  object space 44032K, 73% used [0x0000000780000000,0x0000000781f74808,0x0000000782b00000)
 Metaspace       used 9423K, capacity 9602K, committed 9856K, reserved 1058816K
  class space    used 994K, capacity 1051K, committed 1152K, reserved 1048576K
Event: 50.631 GC heap after
Heap after GC invocations=74 (full 0):
 PSYoungGen      total 21504K, used 1510K [0x00000007aab00000, 0x00000007ac480000, 0x00000007c0000000)
  eden space 17920K, 0% used [0x00000007aab00000,0x00000007aab00000,0x00000007abc80000)
  from space 3584K, 42% used [0x00000007ac100000,0x00000007ac279820,0x00000007ac480000)
  to   space 4096K, 0% used [0x00000007abc80000,0x00000007abc80000,0x00000007ac080000)
 ParOldGen       total 44032K, used 32234K [0x0000000780000000, 0x0000000782b00000, 0x00000007aab00000)
  object space 44032K, 73% used [0x0000000780000000,0x0000000781f7a818,0x0000000782b00000)
 Metaspace       used 9423K, capacity 9602K, committed 9856K, reserved 1058816K
  class space    used 994K, capacity 1051K, committed 1152K, reserved 1048576K
}
Event: 50.901 GC heap before
{Heap before GC invocations=75 (full 0):
 PSYoungGen      total 21504K, used 19430K [0x00000007aab00000, 0x00000007ac480000, 0x00000007c0000000)
  eden space 17920K, 100% used [0x00000007aab00000,0x00000007abc80000,0x00000007abc80000)
  from space 3584K, 42% used [0x00000007ac100000,0x00000007ac279820,0x00000007ac480000)
  to   space 4096K, 0% used [0x00000007abc80000,0x00000007abc80000,0x00000007ac080000)
 ParOldGen       total 44032K, used 32234K [0x0000000780000000, 0x0000000782b00000, 0x00000007aab00000)
  object space 44032K, 73% used [0x0000000780000000,0x0000000781f7a818,0x0000000782b00000)
 Metaspace       used 9423K, capacity 9602K, committed 9856K, reserved 1058816K
  class space    used 994K, capacity 1051K, committed 1152K, reserved 1048576K
Event: 50.902 GC heap after
Heap after GC invocations=75 (full 0):
 PSYoungGen      total 22016K, used 2217K [0x00000007aab00000, 0x00000007ac480000, 0x00000007c0000000)
  eden space 17920K, 0% used [0x00000007aab00000,0x00000007aab00000,0x00000007abc80000)
  from space 4096K, 54% used [0x00000007abc80000,0x00000007abeaa430,0x00000007ac080000)
  to   space 4096K, 0% used [0x00000007ac080000,0x00000007ac080000,0x00000007ac480000)
 ParOldGen       total 44032K, used 32258K [0x0000000780000000, 0x0000000782b00000, 0x00000007aab00000)
  object space 44032K, 73% used [0x0000000780000000,0x0000000781f80828,0x0000000782b00000)
 Metaspace       used 9423K, capacity 9602K, committed 9856K, reserved 1058816K
  class space    used 994K, capacity 1051K, committed 1152K, reserved 1048576K
}
Event: 51.238 GC heap before
{Heap before GC invocations=76 (full 0):
 PSYoungGen      total 22016K, used 20137K [0x00000007aab00000, 0x00000007ac480000, 0x00000007c0000000)
  eden space 17920K, 100% used [0x00000007aab00000,0x00000007abc80000,0x00000007abc80000)
  from space 4096K, 54% used [0x00000007abc80000,0x00000007abeaa430,0x00000007ac080000)
  to   space 4096K, 0% used [0x00000007ac080000,0x00000007ac080000,0x00000007ac480000)
 ParOldGen       total 44032K, used 32258K [0x0000000780000000, 0x0000000782b00000, 0x00000007aab00000)
  object space 44032K, 73% used [0x0000000780000000,0x0000000781f80828,0x0000000782b00000)
 Metaspace       used 9426K, capacity 9602K, committed 9856K, reserved 1058816K
  class space    used 994K, capacity 1051K, committed 1152K, reserved 1048576K
Event: 51.239 GC heap after
Heap after GC invocations=76 (full 0):
 PSYoungGen      total 22016K, used 2217K [0x00000007aab00000, 0x00000007ac480000, 0x00000007c0000000)
  eden space 17920K, 0% used [0x00000007aab00000,0x00000007aab00000,0x00000007abc80000)
  from space 4096K, 54% used [0x00000007ac080000,0x00000007ac2aa430,0x00000007ac480000)
  to   space 4096K, 0% used [0x00000007abc80000,0x00000007abc80000,0x00000007ac080000)
 ParOldGen       total 44032K, used 32282K [0x0000000780000000, 0x0000000782b00000, 0x00000007aab00000)
  object space 44032K, 73% used [0x0000000780000000,0x0000000781f86838,0x0000000782b00000)
 Metaspace       used 9426K, capacity 9602K, committed 9856K, reserved 1058816K
  class space    used 994K, capacity 1051K, committed 1152K, reserved 1048576K
}
Event: 51.521 GC heap before
{Heap before GC invocations=77 (full 0):
 PSYoungGen      total 22016K, used 19565K [0x00000007aab00000, 0x00000007ac480000, 0x00000007c0000000)
  eden space 17920K, 96% used [0x00000007aab00000,0x00000007abbf1338,0x00000007abc80000)
  from space 4096K, 54% used [0x00000007ac080000,0x00000007ac2aa430,0x00000007ac480000)
  to   space 4096K, 0% used [0x00000007abc80000,0x00000007abc80000,0x00000007ac080000)
 ParOldGen       total 44032K, used 32957K [0x0000000780000000, 0x0000000782b00000, 0x00000007aab00000)
  object space 44032K, 74% used [0x0000000780000000,0x000000078202f448,0x0000000782b00000)
 Metaspace       used 9426K, capacity 9602K, committed 9856K, reserved 1058816K
  class space    used 994K, capacity 1051K, committed 1152K, reserved 1048576K
Event: 51.524 GC heap after
Heap after GC invocations=77 (full 0):
 PSYoungGen      total 22016K, used 835K [0x00000007aab00000, 0x00000007ac480000, 0x00000007c0000000)
  eden space 17920K, 0% used [0x00000007aab00000,0x00000007aab00000,0x00000007abc80000)
  from space 4096K, 20% used [0x00000007abc80000,0x00000007abd50c10,0x00000007ac080000)
  to   space 4096K, 0% used [0x00000007ac080000,0x00000007ac080000,0x00000007ac480000)
 ParOldGen       total 44032K, used 32973K [0x0000000780000000, 0x0000000782b00000, 0x00000007aab00000)
  object space 44032K, 74% used [0x0000000780000000,0x0000000782033458,0x0000000782b00000)
 Metaspace       used 9426K, capacity 9602K, committed 9856K, reserved 1058816K
  class space    used 994K, capacity 1051K, committed 1152K, reserved 1048576K
}

Deoptimization events (3 events):
Event: 3.291 Thread 0x00007fa9e7803000 Uncommon trap: reason=unstable_if action=reinterpret pc=0x00000001163c79c0 method=java.lang.String.toLowerCase(Ljava/util/Locale;)Ljava/lang/String; @ 85
Event: 3.586 Thread 0x00007fa9e7803000 Uncommon trap: reason=unstable_if action=reinterpret pc=0x00000001163eed90 method=Main.main([Ljava/lang/String;)V @ 468
Event: 35.229 Thread 0x00007fa9e686f800 Uncommon trap: reason=unstable_if action=reinterpret pc=0x00000001163b8f6c method=java.lang.String.indexOf([CII[CIII)I @ 3

Internal exceptions (10 events):
Event: 0.247 Thread 0x00007fa9e7803000 Exception <a 'java/security/PrivilegedActionException'> (0x00000007aad0da50) thrown at [/Users/java_re/workspace/8-2-build-macosx-x86_64/jdk8u51/3951/hotspot/src/share/vm/prims/jvm.cpp, line 1382]
Event: 0.248 Thread 0x00007fa9e7803000 Exception <a 'java/security/PrivilegedActionException'> (0x00000007aad0ebe0) thrown at [/Users/java_re/workspace/8-2-build-macosx-x86_64/jdk8u51/3951/hotspot/src/share/vm/prims/jvm.cpp, line 1382]
Event: 0.248 Thread 0x00007fa9e7803000 Exception <a 'java/security/PrivilegedActionException'> (0x00000007aad0ef28) thrown at [/Users/java_re/workspace/8-2-build-macosx-x86_64/jdk8u51/3951/hotspot/src/share/vm/prims/jvm.cpp, line 1382]
Event: 0.248 Thread 0x00007fa9e7803000 Exception <a 'java/security/PrivilegedActionException'> (0x00000007aad10078) thrown at [/Users/java_re/workspace/8-2-build-macosx-x86_64/jdk8u51/3951/hotspot/src/share/vm/prims/jvm.cpp, line 1382]
Event: 0.248 Thread 0x00007fa9e7803000 Exception <a 'java/security/PrivilegedActionException'> (0x00000007aad103c0) thrown at [/Users/java_re/workspace/8-2-build-macosx-x86_64/jdk8u51/3951/hotspot/src/share/vm/prims/jvm.cpp, line 1382]
Event: 1.674 Thread 0x00007fa9e7803000 Exception <a 'java/io/FileNotFoundException'> (0x00000007aae56a30) thrown at [/Users/java_re/workspace/8-2-build-macosx-x86_64/jdk8u51/3951/hotspot/src/share/vm/prims/jni.cpp, line 709]
Event: 1.674 Thread 0x00007fa9e7803000 Exception <a 'java/io/FileNotFoundException'> (0x00000007aae57590) thrown at [/Users/java_re/workspace/8-2-build-macosx-x86_64/jdk8u51/3951/hotspot/src/share/vm/prims/jni.cpp, line 709]
Event: 1.754 Thread 0x00007fa9e7803000 Exception <a 'java/lang/NoSuchFieldError': method resolution failed> (0x00000007ab0d8c28) thrown at [/Users/java_re/workspace/8-2-build-macosx-x86_64/jdk8u51/3951/hotspot/src/share/vm/prims/methodHandles.cpp, line 1125]
Event: 1.766 Thread 0x00007fa9e7803000 Exception <a 'java/lang/NoSuchFieldError': method resolution failed> (0x00000007ab0e76b8) thrown at [/Users/java_re/workspace/8-2-build-macosx-x86_64/jdk8u51/3951/hotspot/src/share/vm/prims/methodHandles.cpp, line 1125]
Event: 23.430 Thread 0x00007fa9e61eb000 Exception <a 'java/io/FileNotFoundException'> (0x00000007ab8117c0) thrown at [/Users/java_re/workspace/8-2-build-macosx-x86_64/jdk8u51/3951/hotspot/src/share/vm/prims/jni.cpp, line 709]

Events (10 events):
Event: 50.630 Executing VM operation: ParallelGCFailedAllocation
Event: 50.632 Executing VM operation: ParallelGCFailedAllocation done
Event: 50.901 Executing VM operation: ParallelGCFailedAllocation
Event: 50.902 Executing VM operation: ParallelGCFailedAllocation done
Event: 51.238 Executing VM operation: ParallelGCFailedAllocation
Event: 51.239 Executing VM operation: ParallelGCFailedAllocation done
Event: 51.520 Executing VM operation: ParallelGCFailedAllocation
Event: 51.521 Executing VM operation: ParallelGCFailedAllocation done
Event: 51.521 Executing VM operation: ParallelGCSystemGC
Event: 51.524 Executing VM operation: ParallelGCSystemGC done


Dynamic libraries:
0x0000000034cc9000 	/System/Library/Frameworks/Cocoa.framework/Versions/A/Cocoa
0x0000000034cc9000 	/System/Library/Frameworks/Security.framework/Versions/A/Security
0x0000000034cc9000 	/System/Library/Frameworks/ApplicationServices.framework/Versions/A/ApplicationServices
0x0000000034cc9000 	/usr/lib/libz.1.dylib
0x0000000034cc9000 	/usr/lib/libSystem.B.dylib
0x0000000034cc9000 	/usr/lib/libobjc.A.dylib
0x0000000034cc9000 	/System/Library/Frameworks/CoreFoundation.framework/Versions/A/CoreFoundation
0x0000000034cc9000 	/System/Library/Frameworks/Foundation.framework/Versions/C/Foundation
0x0000000034cc9000 	/System/Library/Frameworks/AppKit.framework/Versions/C/AppKit
0x0000000034cc9000 	/System/Library/Frameworks/CoreData.framework/Versions/A/CoreData
0x0000000034cc9000 	/System/Library/PrivateFrameworks/RemoteViewServices.framework/Versions/A/RemoteViewServices
0x0000000034cc9000 	/System/Library/PrivateFrameworks/UIFoundation.framework/Versions/A/UIFoundation
0x0000000034cc9000 	/System/Library/PrivateFrameworks/DFRFoundation.framework/Versions/A/DFRFoundation
0x0000000034cc9000 	/usr/lib/libenergytrace.dylib
0x0000000034cc9000 	/System/Library/PrivateFrameworks/SkyLight.framework/Versions/A/SkyLight
0x0000000034cc9000 	/System/Library/Frameworks/CoreGraphics.framework/Versions/A/CoreGraphics
0x0000000034cc9000 	/usr/lib/libScreenReader.dylib
0x0000000034cc9000 	/System/Library/Frameworks/Accelerate.framework/Versions/A/Accelerate
0x0000000034cc9000 	/System/Library/Frameworks/IOSurface.framework/Versions/A/IOSurface
0x0000000034cc9000 	/System/Library/Frameworks/AudioToolbox.framework/Versions/A/AudioToolbox
0x0000000034cc9000 	/System/Library/Frameworks/AudioUnit.framework/Versions/A/AudioUnit
0x0000000034cc9000 	/System/Library/PrivateFrameworks/DataDetectorsCore.framework/Versions/A/DataDetectorsCore
0x0000000034cc9000 	/System/Library/PrivateFrameworks/DesktopServicesPriv.framework/Versions/A/DesktopServicesPriv
0x0000000034cc9000 	/System/Library/Frameworks/Carbon.framework/Versions/A/Frameworks/HIToolbox.framework/Versions/A/HIToolbox
0x0000000034cc9000 	/usr/lib/libicucore.A.dylib
0x0000000034cc9000 	/System/Library/Frameworks/QuartzCore.framework/Versions/A/QuartzCore
0x0000000034cc9000 	/System/Library/Frameworks/Carbon.framework/Versions/A/Frameworks/SpeechRecognition.framework/Versions/A/SpeechRecognition
0x0000000034cc9000 	/usr/lib/libauto.dylib
0x0000000034cc9000 	/usr/lib/libxml2.2.dylib
0x0000000034cc9000 	/System/Library/PrivateFrameworks/CoreUI.framework/Versions/A/CoreUI
0x0000000034cc9000 	/System/Library/Frameworks/CoreAudio.framework/Versions/A/CoreAudio
0x0000000034cc9000 	/System/Library/Frameworks/DiskArbitration.framework/Versions/A/DiskArbitration
0x0000000034cc9000 	/usr/lib/liblangid.dylib
0x0000000034cc9000 	/System/Library/PrivateFrameworks/MultitouchSupport.framework/Versions/A/MultitouchSupport
0x0000000034cc9000 	/System/Library/Frameworks/IOKit.framework/Versions/A/IOKit
0x0000000034cc9000 	/usr/lib/libDiagnosticMessagesClient.dylib
0x0000000034cc9000 	/System/Library/Frameworks/CoreServices.framework/Versions/A/CoreServices
0x0000000034cc9000 	/System/Library/PrivateFrameworks/PerformanceAnalysis.framework/Versions/A/PerformanceAnalysis
0x0000000034cc9000 	/System/Library/PrivateFrameworks/GenerationalStorage.framework/Versions/A/GenerationalStorage
0x0000000034cc9000 	/System/Library/Frameworks/OpenGL.framework/Versions/A/OpenGL
0x0000000034cc9000 	/System/Library/Frameworks/CoreImage.framework/Versions/A/CoreImage
0x0000000034cc9000 	/System/Library/Frameworks/CoreText.framework/Versions/A/CoreText
0x0000000034cc9000 	/System/Library/Frameworks/ImageIO.framework/Versions/A/ImageIO
0x0000000034cc9000 	/System/Library/PrivateFrameworks/Backup.framework/Versions/A/Backup
0x0000000034cc9000 	/usr/lib/libarchive.2.dylib
0x0000000034cc9000 	/System/Library/Frameworks/CFNetwork.framework/Versions/A/CFNetwork
0x0000000034cc9000 	/System/Library/Frameworks/SystemConfiguration.framework/Versions/A/SystemConfiguration
0x0000000034cc9000 	/usr/lib/libCRFSuite.dylib
0x0000000034cc9000 	/usr/lib/libc++.1.dylib
0x0000000034cc9000 	/usr/lib/libc++abi.dylib
0x0000000034cc9000 	/usr/lib/system/libcache.dylib
0x0000000034cc9000 	/usr/lib/system/libcommonCrypto.dylib
0x0000000034cc9000 	/usr/lib/system/libcompiler_rt.dylib
0x0000000034cc9000 	/usr/lib/system/libcopyfile.dylib
0x0000000034cc9000 	/usr/lib/system/libcorecrypto.dylib
0x0000000034cc9000 	/usr/lib/system/libdispatch.dylib
0x0000000034cc9000 	/usr/lib/system/libdyld.dylib
0x0000000034cc9000 	/usr/lib/system/libkeymgr.dylib
0x0000000034cc9000 	/usr/lib/system/liblaunch.dylib
0x0000000034cc9000 	/usr/lib/system/libmacho.dylib
0x0000000034cc9000 	/usr/lib/system/libquarantine.dylib
0x0000000034cc9000 	/usr/lib/system/libremovefile.dylib
0x0000000034cc9000 	/usr/lib/system/libsystem_asl.dylib
0x0000000034cc9000 	/usr/lib/system/libsystem_blocks.dylib
0x0000000034cc9000 	/usr/lib/system/libsystem_c.dylib
0x0000000034cc9000 	/usr/lib/system/libsystem_configuration.dylib
0x0000000034cc9000 	/usr/lib/system/libsystem_coreservices.dylib
0x0000000034cc9000 	/usr/lib/system/libsystem_coretls.dylib
0x0000000034cc9000 	/usr/lib/system/libsystem_dnssd.dylib
0x0000000034cc9000 	/usr/lib/system/libsystem_info.dylib
0x0000000034cc9000 	/usr/lib/system/libsystem_kernel.dylib
0x0000000034cc9000 	/usr/lib/system/libsystem_m.dylib
0x0000000034cc9000 	/usr/lib/system/libsystem_malloc.dylib
0x0000000034cc9000 	/usr/lib/system/libsystem_network.dylib
0x0000000034cc9000 	/usr/lib/system/libsystem_networkextension.dylib
0x0000000034cc9000 	/usr/lib/system/libsystem_notify.dylib
0x0000000034cc9000 	/usr/lib/system/libsystem_platform.dylib
0x0000000034cc9000 	/usr/lib/system/libsystem_pthread.dylib
0x0000000034cc9000 	/usr/lib/system/libsystem_sandbox.dylib
0x0000000034cc9000 	/usr/lib/system/libsystem_secinit.dylib
0x0000000034cc9000 	/usr/lib/system/libsystem_symptoms.dylib
0x0000000034cc9000 	/usr/lib/system/libsystem_trace.dylib
0x0000000034cc9000 	/usr/lib/system/libunwind.dylib
0x0000000034cc9000 	/usr/lib/system/libxpc.dylib
0x0000000034cc9000 	/usr/lib/libbsm.0.dylib
0x0000000034cc9000 	/usr/lib/system/libkxld.dylib
0x0000000034cc9000 	/usr/lib/libcoretls.dylib
0x0000000034cc9000 	/usr/lib/libcoretls_cfhelpers.dylib
0x0000000034cc9000 	/usr/lib/libxar.1.dylib
0x0000000034cc9000 	/usr/lib/libsqlite3.dylib
0x0000000034cc9000 	/usr/lib/libpam.2.dylib
0x0000000034cc9000 	/usr/lib/libOpenScriptingUtil.dylib
0x0000000034cc9000 	/usr/lib/libbz2.1.0.dylib
0x0000000034cc9000 	/usr/lib/liblzma.5.dylib
0x0000000034cc9000 	/usr/lib/libnetwork.dylib
0x0000000034cc9000 	/usr/lib/libpcap.A.dylib
0x0000000034cc9000 	/System/Library/Frameworks/CoreServices.framework/Versions/A/Frameworks/FSEvents.framework/Versions/A/FSEvents
0x0000000034cc9000 	/System/Library/Frameworks/CoreServices.framework/Versions/A/Frameworks/CarbonCore.framework/Versions/A/CarbonCore
0x0000000034cc9000 	/System/Library/Frameworks/CoreServices.framework/Versions/A/Frameworks/Metadata.framework/Versions/A/Metadata
0x0000000034cc9000 	/System/Library/Frameworks/CoreServices.framework/Versions/A/Frameworks/OSServices.framework/Versions/A/OSServices
0x0000000034cc9000 	/System/Library/Frameworks/CoreServices.framework/Versions/A/Frameworks/SearchKit.framework/Versions/A/SearchKit
0x0000000034cc9000 	/System/Library/Frameworks/CoreServices.framework/Versions/A/Frameworks/AE.framework/Versions/A/AE
0x0000000034cc9000 	/System/Library/Frameworks/CoreServices.framework/Versions/A/Frameworks/LaunchServices.framework/Versions/A/LaunchServices
0x0000000034cc9000 	/System/Library/Frameworks/CoreServices.framework/Versions/A/Frameworks/DictionaryServices.framework/Versions/A/DictionaryServices
0x0000000034cc9000 	/System/Library/Frameworks/CoreServices.framework/Versions/A/Frameworks/SharedFileList.framework/Versions/A/SharedFileList
0x0000000034cc9000 	/System/Library/Frameworks/NetFS.framework/Versions/A/NetFS
0x0000000034cc9000 	/System/Library/PrivateFrameworks/NetAuth.framework/Versions/A/NetAuth
0x0000000034cc9000 	/System/Library/PrivateFrameworks/login.framework/Versions/A/Frameworks/loginsupport.framework/Versions/A/loginsupport
0x0000000034cc9000 	/System/Library/PrivateFrameworks/TCC.framework/Versions/A/TCC
0x0000000034cc9000 	/usr/lib/libmecabra.dylib
0x0000000034cc9000 	/System/Library/Frameworks/ApplicationServices.framework/Versions/A/Frameworks/ATS.framework/Versions/A/ATS
0x0000000034cc9000 	/System/Library/Frameworks/ApplicationServices.framework/Versions/A/Frameworks/ColorSync.framework/Versions/A/ColorSync
0x0000000034cc9000 	/System/Library/Frameworks/ApplicationServices.framework/Versions/A/Frameworks/HIServices.framework/Versions/A/HIServices
0x0000000034cc9000 	/System/Library/Frameworks/ApplicationServices.framework/Versions/A/Frameworks/LangAnalysis.framework/Versions/A/LangAnalysis
0x0000000034cc9000 	/System/Library/Frameworks/ApplicationServices.framework/Versions/A/Frameworks/PrintCore.framework/Versions/A/PrintCore
0x0000000034cc9000 	/System/Library/Frameworks/ApplicationServices.framework/Versions/A/Frameworks/QD.framework/Versions/A/QD
0x0000000034cc9000 	/System/Library/Frameworks/ApplicationServices.framework/Versions/A/Frameworks/SpeechSynthesis.framework/Versions/A/SpeechSynthesis
0x0000000034cc9000 	/System/Library/Frameworks/Accelerate.framework/Versions/A/Frameworks/vImage.framework/Versions/A/vImage
0x0000000034cc9000 	/System/Library/Frameworks/Accelerate.framework/Versions/A/Frameworks/vecLib.framework/Versions/A/vecLib
0x0000000034cc9000 	/System/Library/Frameworks/Accelerate.framework/Versions/A/Frameworks/vecLib.framework/Versions/A/libvDSP.dylib
0x0000000034cc9000 	/System/Library/Frameworks/Accelerate.framework/Versions/A/Frameworks/vecLib.framework/Versions/A/libBNNS.dylib
0x0000000034cc9000 	/System/Library/Frameworks/Accelerate.framework/Versions/A/Frameworks/vecLib.framework/Versions/A/libQuadrature.dylib
0x0000000034cc9000 	/System/Library/Frameworks/Accelerate.framework/Versions/A/Frameworks/vecLib.framework/Versions/A/libvMisc.dylib
0x0000000034cc9000 	/System/Library/Frameworks/Accelerate.framework/Versions/A/Frameworks/vecLib.framework/Versions/A/libLAPACK.dylib
0x0000000034cc9000 	/System/Library/Frameworks/Accelerate.framework/Versions/A/Frameworks/vecLib.framework/Versions/A/libBLAS.dylib
0x0000000034cc9000 	/System/Library/Frameworks/Accelerate.framework/Versions/A/Frameworks/vecLib.framework/Versions/A/libLinearAlgebra.dylib
0x0000000034cc9000 	/System/Library/Frameworks/Accelerate.framework/Versions/A/Frameworks/vecLib.framework/Versions/A/libSparseBLAS.dylib
0x0000000034cc9000 	/System/Library/Frameworks/ApplicationServices.framework/Versions/A/Frameworks/ATS.framework/Versions/A/Resources/libFontParser.dylib
0x0000000034cc9000 	/System/Library/Frameworks/ApplicationServices.framework/Versions/A/Frameworks/ATS.framework/Versions/A/Resources/libFontRegistry.dylib
0x0000000034cc9000 	/System/Library/Frameworks/ImageIO.framework/Versions/A/Resources/libJPEG.dylib
0x0000000034cc9000 	/System/Library/Frameworks/ImageIO.framework/Versions/A/Resources/libTIFF.dylib
0x0000000034cc9000 	/System/Library/Frameworks/ImageIO.framework/Versions/A/Resources/libPng.dylib
0x0000000034cc9000 	/System/Library/Frameworks/ImageIO.framework/Versions/A/Resources/libGIF.dylib
0x0000000034cc9000 	/System/Library/Frameworks/ImageIO.framework/Versions/A/Resources/libJP2.dylib
0x0000000034cc9000 	/System/Library/Frameworks/ImageIO.framework/Versions/A/Resources/libRadiance.dylib
0x0000000034cc9000 	/usr/lib/libcompression.dylib
0x0000000034cc9000 	/System/Library/PrivateFrameworks/AppleJPEG.framework/Versions/A/AppleJPEG
0x0000000034cc9000 	/usr/lib/libcups.2.dylib
0x0000000034cc9000 	/System/Library/Frameworks/Kerberos.framework/Versions/A/Kerberos
0x0000000034cc9000 	/System/Library/Frameworks/GSS.framework/Versions/A/GSS
0x0000000034cc9000 	/usr/lib/libresolv.9.dylib
0x0000000034cc9000 	/usr/lib/libiconv.2.dylib
0x0000000034cc9000 	/System/Library/PrivateFrameworks/Heimdal.framework/Versions/A/Heimdal
0x0000000034cc9000 	/usr/lib/libheimdal-asn1.dylib
0x0000000034cc9000 	/System/Library/Frameworks/OpenDirectory.framework/Versions/A/OpenDirectory
0x0000000034cc9000 	/System/Library/PrivateFrameworks/CommonAuth.framework/Versions/A/CommonAuth
0x0000000034cc9000 	/System/Library/Frameworks/OpenDirectory.framework/Versions/A/Frameworks/CFOpenDirectory.framework/Versions/A/CFOpenDirectory
0x0000000034cc9000 	/System/Library/Frameworks/SecurityFoundation.framework/Versions/A/SecurityFoundation
0x0000000034cc9000 	/System/Library/PrivateFrameworks/LanguageModeling.framework/Versions/A/LanguageModeling
0x0000000034cc9000 	/usr/lib/libmarisa.dylib
0x0000000034cc9000 	/usr/lib/libChineseTokenizer.dylib
0x0000000034cc9000 	/usr/lib/libcmph.dylib
0x0000000034cc9000 	/System/Library/PrivateFrameworks/CoreEmoji.framework/Versions/A/CoreEmoji
0x0000000034cc9000 	/System/Library/Frameworks/ServiceManagement.framework/Versions/A/ServiceManagement
0x0000000034cc9000 	/usr/lib/libxslt.1.dylib
0x0000000034cc9000 	/System/Library/Frameworks/Carbon.framework/Versions/A/Frameworks/Ink.framework/Versions/A/Ink
0x0000000034cc9000 	/System/Library/PrivateFrameworks/TextureIO.framework/Versions/A/TextureIO
0x0000000034cc9000 	/System/Library/Frameworks/Metal.framework/Versions/A/Metal
0x0000000034cc9000 	/usr/lib/libate.dylib
0x0000000034cc9000 	/System/Library/PrivateFrameworks/GPUCompiler.framework/libmetal_timestamp.dylib
0x0000000034cc9000 	/System/Library/Frameworks/OpenGL.framework/Versions/A/Libraries/libCoreFSCache.dylib
0x0000000034cc9000 	/System/Library/PrivateFrameworks/IOAccelerator.framework/Versions/A/IOAccelerator
0x0000000034cc9000 	/System/Library/Frameworks/CoreVideo.framework/Versions/A/CoreVideo
0x0000000034cc9000 	/usr/lib/libFosl_dynamic.dylib
0x0000000034cc9000 	/System/Library/PrivateFrameworks/MetalPerformanceShaders.framework/Versions/A/MetalPerformanceShaders
0x0000000034cc9000 	/System/Library/PrivateFrameworks/FaceCore.framework/Versions/A/FaceCore
0x0000000034cc9000 	/System/Library/Frameworks/OpenCL.framework/Versions/A/OpenCL
0x0000000034cc9000 	/System/Library/Frameworks/OpenGL.framework/Versions/A/Libraries/libGLU.dylib
0x0000000034cc9000 	/System/Library/Frameworks/OpenGL.framework/Versions/A/Libraries/libGFXShared.dylib
0x0000000034cc9000 	/System/Library/Frameworks/OpenGL.framework/Versions/A/Libraries/libGL.dylib
0x0000000034cc9000 	/System/Library/Frameworks/OpenGL.framework/Versions/A/Libraries/libGLImage.dylib
0x0000000034cc9000 	/System/Library/Frameworks/OpenGL.framework/Versions/A/Libraries/libCVMSPluginSupport.dylib
0x0000000034cc9000 	/System/Library/Frameworks/OpenGL.framework/Versions/A/Libraries/libCoreVMClient.dylib
0x0000000034cc9000 	/System/Library/PrivateFrameworks/CrashReporterSupport.framework/Versions/A/CrashReporterSupport
0x0000000034cc9000 	/System/Library/PrivateFrameworks/Sharing.framework/Versions/A/Sharing
0x0000000034cc9000 	/System/Library/PrivateFrameworks/IconServices.framework/Versions/A/IconServices
0x0000000034cc9000 	/System/Library/PrivateFrameworks/ProtocolBuffer.framework/Versions/A/ProtocolBuffer
0x0000000034cc9000 	/System/Library/PrivateFrameworks/Apple80211.framework/Versions/A/Apple80211
0x0000000034cc9000 	/System/Library/Frameworks/CoreWLAN.framework/Versions/A/CoreWLAN
0x0000000034cc9000 	/System/Library/PrivateFrameworks/CoreUtils.framework/Versions/A/CoreUtils
0x0000000034cc9000 	/System/Library/Frameworks/IOBluetooth.framework/Versions/A/IOBluetooth
0x0000000034cc9000 	/System/Library/PrivateFrameworks/CoreWiFi.framework/Versions/A/CoreWiFi
0x0000000034cc9000 	/System/Library/Frameworks/CoreBluetooth.framework/Versions/A/CoreBluetooth
0x0000000034cc9000 	/System/Library/Frameworks/CoreDisplay.framework/Versions/A/CoreDisplay
0x0000000034cc9000 	/System/Library/PrivateFrameworks/IOPresentment.framework/Versions/A/IOPresentment
0x0000000034cc9000 	/System/Library/PrivateFrameworks/DebugSymbols.framework/Versions/A/DebugSymbols
0x0000000034cc9000 	/System/Library/PrivateFrameworks/CoreSymbolication.framework/Versions/A/CoreSymbolication
0x0000000034cc9000 	/System/Library/PrivateFrameworks/Symbolication.framework/Versions/A/Symbolication
0x0000000034cc9000 	/System/Library/PrivateFrameworks/AppleFSCompression.framework/Versions/A/AppleFSCompression
0x0000000034cc9000 	/System/Library/PrivateFrameworks/SpeechRecognitionCore.framework/Versions/A/SpeechRecognitionCore
0x0000000034cc9000 	/System/Library/PrivateFrameworks/ChunkingLibrary.framework/Versions/A/ChunkingLibrary
0x000000010b400000 	/Library/Java/JavaVirtualMachines/jdk1.8.0_51.jdk/Contents/Home/jre/lib/server/libjvm.dylib
0x0000000034cc9000 	/usr/lib/libstdc++.6.dylib
0x000000010aa9a000 	/Library/Java/JavaVirtualMachines/jdk1.8.0_51.jdk/Contents/Home/jre/lib/libverify.dylib
0x000000010aaa8000 	/Library/Java/JavaVirtualMachines/jdk1.8.0_51.jdk/Contents/Home/jre/lib/libjava.dylib
0x000000010aae7000 	/Library/Java/JavaVirtualMachines/jdk1.8.0_51.jdk/Contents/Home/jre/lib/libzip.dylib
0x0000000110656000 	/System/Library/Frameworks/JavaVM.framework/Frameworks/JavaRuntimeSupport.framework/JavaRuntimeSupport
0x0000000110670000 	/System/Library/Frameworks/JavaVM.framework/Versions/A/Frameworks/JavaNativeFoundation.framework/Versions/A/JavaNativeFoundation
0x0000000110685000 	/System/Library/Frameworks/JavaVM.framework/Versions/A/JavaVM
0x0000000034cc9000 	/System/Library/Frameworks/Carbon.framework/Versions/A/Carbon
0x0000000110692000 	/System/Library/PrivateFrameworks/JavaLaunching.framework/Versions/A/JavaLaunching
0x0000000034cc9000 	/System/Library/Frameworks/Carbon.framework/Versions/A/Frameworks/CommonPanels.framework/Versions/A/CommonPanels
0x0000000034cc9000 	/System/Library/Frameworks/Carbon.framework/Versions/A/Frameworks/Help.framework/Versions/A/Help
0x0000000034cc9000 	/System/Library/Frameworks/Carbon.framework/Versions/A/Frameworks/ImageCapture.framework/Versions/A/ImageCapture
0x0000000034cc9000 	/System/Library/Frameworks/Carbon.framework/Versions/A/Frameworks/OpenScripting.framework/Versions/A/OpenScripting
0x0000000034cc9000 	/System/Library/Frameworks/Carbon.framework/Versions/A/Frameworks/Print.framework/Versions/A/Print
0x0000000034cc9000 	/System/Library/Frameworks/Carbon.framework/Versions/A/Frameworks/SecurityHI.framework/Versions/A/SecurityHI
0x0000000112054000 	/usr/local/Cellar/opencv3/HEAD-d9e364f/share/OpenCV/java/libopencv_java330.dylib
0x0000000112191000 	/usr/local/Cellar/opencv3/HEAD-d9e364f/lib/libopencv_objdetect.3.3.dylib
0x0000000112201000 	/usr/local/Cellar/opencv3/HEAD-d9e364f/lib/libopencv_photo.3.3.dylib
0x00000001122cb000 	/usr/local/Cellar/opencv3/HEAD-d9e364f/lib/libopencv_img_hash.3.3.dylib
0x00000001122e2000 	/usr/local/Cellar/opencv3/HEAD-d9e364f/lib/libopencv_bioinspired.3.3.dylib
0x000000011232e000 	/usr/local/Cellar/opencv3/HEAD-d9e364f/lib/libopencv_structured_light.3.3.dylib
0x0000000112348000 	/usr/local/Cellar/opencv3/HEAD-d9e364f/lib/libopencv_tracking.3.3.dylib
0x0000000112678000 	/usr/local/Cellar/opencv3/HEAD-d9e364f/lib/libopencv_xfeatures2d.3.3.dylib
0x0000000112966000 	/usr/local/Cellar/opencv3/HEAD-d9e364f/lib/libopencv_aruco.3.3.dylib
0x00000001129c3000 	/usr/local/opt/tbb/lib/libtbb.dylib
0x00000001129ee000 	/usr/local/Cellar/opencv3/HEAD-d9e364f/lib/libopencv_phase_unwrapping.3.3.dylib
0x00000001129f8000 	/usr/local/Cellar/opencv3/HEAD-d9e364f/lib/libopencv_plot.3.3.dylib
0x0000000112a03000 	/usr/local/Cellar/opencv3/HEAD-d9e364f/lib/libopencv_dnn.3.3.dylib
0x0000000112d48000 	/usr/local/Cellar/opencv3/HEAD-d9e364f/lib/libopencv_datasets.3.3.dylib
0x0000000112dae000 	/usr/local/Cellar/opencv3/HEAD-d9e364f/lib/libopencv_text.3.3.dylib
0x0000000112eec000 	/usr/local/Cellar/opencv3/HEAD-d9e364f/lib/libopencv_ml.3.3.dylib
0x0000000112f95000 	/usr/local/Cellar/opencv3/HEAD-d9e364f/lib/libopencv_shape.3.3.dylib
0x0000000112fc7000 	/usr/local/Cellar/opencv3/HEAD-d9e364f/lib/libopencv_video.3.3.dylib
0x000000011302c000 	/usr/local/Cellar/opencv3/HEAD-d9e364f/lib/libopencv_calib3d.3.3.dylib
0x00000001131db000 	/usr/local/Cellar/opencv3/HEAD-d9e364f/lib/libopencv_features2d.3.3.dylib
0x000000011329c000 	/usr/local/Cellar/opencv3/HEAD-d9e364f/lib/libopencv_flann.3.3.dylib
0x00000001132fd000 	/usr/local/Cellar/opencv3/HEAD-d9e364f/lib/libopencv_highgui.3.3.dylib
0x0000000113311000 	/usr/local/Cellar/opencv3/HEAD-d9e364f/lib/libopencv_videoio.3.3.dylib
0x0000000113340000 	/usr/local/Cellar/opencv3/HEAD-d9e364f/lib/libopencv_imgcodecs.3.3.dylib
0x00000001133df000 	/usr/local/Cellar/opencv3/HEAD-d9e364f/lib/libopencv_imgproc.3.3.dylib
0x00000001251c2000 	/usr/local/Cellar/opencv3/HEAD-d9e364f/lib/libopencv_core.3.3.dylib
0x0000000125def000 	/usr/local/opt/ffmpeg/lib/libavcodec.57.dylib
0x0000000115b83000 	/usr/local/opt/ffmpeg/lib/libavformat.57.dylib
0x0000000115d36000 	/usr/local/opt/ffmpeg/lib/libavutil.55.dylib
0x0000000115d9d000 	/usr/local/opt/ffmpeg/lib/libswscale.4.dylib
0x0000000115e1f000 	/usr/local/opt/ffmpeg/lib/libavresample.3.dylib
0x0000000115e40000 	/System/Library/Frameworks/VideoDecodeAcceleration.framework/Versions/A/VideoDecodeAcceleration
0x0000000034cc9000 	/System/Library/Frameworks/AVFoundation.framework/Versions/A/AVFoundation
0x0000000034cc9000 	/System/Library/Frameworks/CoreMedia.framework/Versions/A/CoreMedia
0x0000000115e46000 	/usr/local/opt/jpeg/lib/libjpeg.8.dylib
0x0000000115e79000 	/usr/local/opt/libpng/lib/libpng16.16.dylib
0x0000000115ea5000 	/usr/local/opt/libtiff/lib/libtiff.5.dylib
0x0000000115f0c000 	/usr/local/opt/ilmbase/lib/libImath-2_2.12.dylib
0x0000000127130000 	/usr/local/opt/openexr/lib/libIlmImf-2_2.22.dylib
0x0000000115f1c000 	/usr/local/opt/ilmbase/lib/libIex-2_2.12.dylib
0x0000000115f2f000 	/usr/local/opt/ilmbase/lib/libHalf.12.dylib
0x0000000115f73000 	/usr/local/opt/ilmbase/lib/libIlmThread-2_2.12.dylib
0x0000000115f7b000 	/usr/local/lib/libIexMath-2_2.12.dylib
0x0000000115f7f000 	/usr/local/Cellar/ffmpeg/3.3.2/lib/libswresample.2.dylib
0x0000000034cc9000 	/System/Library/Frameworks/VideoToolbox.framework/Versions/A/VideoToolbox
0x0000000115f9f000 	/usr/local/opt/sdl2/lib/libSDL2-2.0.0.dylib
0x0000000127428000 	/usr/local/opt/x264/lib/libx264.148.dylib
0x0000000116082000 	/usr/local/opt/lame/lib/libmp3lame.0.dylib
0x0000000034cc9000 	/System/Library/Frameworks/AVFoundation.framework/Versions/A/Frameworks/AVFAudio.framework/Versions/A/AVFAudio
0x0000000034cc9000 	/System/Library/Frameworks/MediaToolbox.framework/Versions/A/MediaToolbox
0x0000000034cc9000 	/System/Library/PrivateFrameworks/IntlPreferences.framework/Versions/A/IntlPreferences
0x0000000034cc9000 	/System/Library/Frameworks/CoreMediaIO.framework/Versions/A/CoreMediaIO
0x0000000034cc9000 	/usr/lib/libspindump.dylib
0x0000000034cc9000 	/usr/lib/libdscsym.dylib
0x0000000034cc9000 	/System/Library/PrivateFrameworks/CoreAVCHD.framework/Versions/A/CoreAVCHD
0x0000000034cc9000 	/System/Library/Frameworks/MediaAccessibility.framework/Versions/A/MediaAccessibility
0x0000000034cc9000 	/System/Library/PrivateFrameworks/Mangrove.framework/Versions/A/Mangrove
0x0000000034cc9000 	/System/Library/PrivateFrameworks/CoreAUC.framework/Versions/A/CoreAUC
0x0000000034cc9000 	/System/Library/PrivateFrameworks/AppleVA.framework/Versions/A/AppleVA
0x0000000034cc9000 	/System/Library/PrivateFrameworks/XPCService.framework/Versions/A/XPCService
0x0000000034cc9000 	/System/Library/PrivateFrameworks/AppSandbox.framework/Versions/A/AppSandbox
0x0000000034cc9000 	/usr/lib/libsandbox.1.dylib
0x0000000034cc9000 	/System/Library/PrivateFrameworks/AppContainer.framework/Versions/A/AppContainer
0x0000000034cc9000 	/System/Library/PrivateFrameworks/SecCodeWrapper.framework/Versions/A/SecCodeWrapper
0x0000000034cc9000 	/usr/lib/libMatch.1.dylib
0x00000001160f3000 	/System/Library/Frameworks/ForceFeedback.framework/Versions/A/ForceFeedback
0x000000012759b000 	/usr/local/opt/tesseract/lib/libtesseract.3.dylib
0x0000000127abc000 	/usr/local/opt/leptonica/lib/liblept.4.dylib
0x00000001160fb000 	/Library/Java/JavaVirtualMachines/jdk1.8.0_51.jdk/Contents/Home/jre/lib/libnet.dylib
0x0000000116112000 	/System/Library/Extensions/AppleHDA.kext/Contents/PlugIns/AppleHDAHALPlugIn.bundle/Contents/MacOS/AppleHDAHALPlugIn
0x0000000127cd5000 	/Library/CoreMediaIO/Plug-Ins/DAL/AppleCamera.plugin/Contents/MacOS/AppleCamera
0x0000000127cff000 	/System/Library/Frameworks/CoreMediaIO.framework/Resources/CMIOUnits.bundle/Contents/MacOS/CMIOUnits
0x0000000127e8c000 	/System/Library/PrivateFrameworks/FWAVC.framework/Versions/A/FWAVC
0x0000000034cc9000 	/System/Library/PrivateFrameworks/AppleGVA.framework/Versions/A/AppleGVA
0x0000000034cc9000 	/System/Library/Frameworks/OpenCL.framework/Versions/A/Libraries/libcldcpuengine.dylib
0x0000000034cc9000 	/usr/lib/libcrypto.0.9.8.dylib
0x0000000034cc9000 	/System/Library/PrivateFrameworks/TrustEvaluationAgent.framework/Versions/A/TrustEvaluationAgent
0x00000001289ce000 	/System/Library/Extensions/AppleIntelBDWGraphicsGLDriver.bundle/Contents/MacOS/AppleIntelBDWGraphicsGLDriver
0x0000000034cc9000 	/System/Library/Frameworks/OpenGL.framework/Versions/A/Libraries/libGLProgrammability.dylib
0x0000000034cc9000 	/System/Library/PrivateFrameworks/GPUSupport.framework/Versions/A/Libraries/libGPUSupportMercury.dylib
0x0000000034cc9000 	/System/Library/Frameworks/OpenGL.framework/Versions/A/Resources/GLRendererFloat.bundle/GLRendererFloat
0x0000000127ece000 	/usr/local/opt/tbb/lib/libtbbmalloc.dylib
0x000000012932a000 	/Library/Java/JavaVirtualMachines/jdk1.8.0_51.jdk/Contents/Home/jre/lib/libawt.dylib
0x00000001293d2000 	/Library/Java/JavaVirtualMachines/jdk1.8.0_51.jdk/Contents/Home/jre/lib/./libmlib_image.dylib
0x000000012949e000 	/Library/Java/JavaVirtualMachines/jdk1.8.0_51.jdk/Contents/Home/jre/lib/libawt_lwawt.dylib
0x0000000127ff8000 	/Library/Java/JavaVirtualMachines/jdk1.8.0_51.jdk/Contents/Home/jre/lib/./libosxapp.dylib
0x0000000034cc9000 	/System/Library/Frameworks/ExceptionHandling.framework/Versions/A/ExceptionHandling
0x0000000034cc9000 	/System/Library/PrivateFrameworks/CoreServicesInternal.framework/Versions/A/CoreServicesInternal
0x0000000034cc9000 	/System/Library/CoreServices/RawCamera.bundle/Contents/MacOS/RawCamera
0x0000000034cc9000 	/System/Library/Frameworks/Accelerate.framework/Versions/A/Frameworks/vImage.framework/Versions/A/Libraries/libCGInterfaces.dylib
0x0000000034cc9000 	/System/Library/Frameworks/ApplicationServices.framework/Versions/A/Frameworks/ATS.framework/Versions/A/Resources/libTrueTypeScaler.dylib
0x0000000034cc9000 	/System/Library/Frameworks/OpenGL.framework/Versions/A/Resources/GLEngine.bundle/GLEngine
0x0000000129c2e000 	/System/Library/Extensions/AppleIntelBDWGraphicsMTLDriver.bundle/Contents/MacOS/AppleIntelBDWGraphicsMTLDriver
0x0000000034cc9000 	/System/Library/PrivateFrameworks/FamilyControls.framework/Versions/A/FamilyControls
0x0000000034cc9000 	/System/Library/PrivateFrameworks/CommerceKit.framework/Versions/A/Frameworks/CommerceCore.framework/Versions/A/CommerceCore
0x0000000034cc9000 	/System/Library/PrivateFrameworks/SystemAdministration.framework/Versions/A/SystemAdministration
0x0000000034cc9000 	/System/Library/Frameworks/DirectoryService.framework/Versions/A/DirectoryService
0x0000000034cc9000 	/System/Library/PrivateFrameworks/DiskImages.framework/Versions/A/DiskImages
0x0000000034cc9000 	/System/Library/PrivateFrameworks/LoginUIKit.framework/Versions/A/Frameworks/LoginUICore.framework/Versions/A/LoginUICore
0x0000000034cc9000 	/usr/lib/libCoreStorage.dylib
0x0000000034cc9000 	/usr/lib/libcsfde.dylib
0x0000000034cc9000 	/usr/lib/libodfde.dylib
0x0000000034cc9000 	/System/Library/Frameworks/DiscRecording.framework/Versions/A/DiscRecording
0x0000000034cc9000 	/usr/lib/libcurl.4.dylib
0x0000000034cc9000 	/System/Library/PrivateFrameworks/MediaKit.framework/Versions/A/MediaKit
0x0000000034cc9000 	/System/Library/PrivateFrameworks/ProtectedCloudStorage.framework/Versions/A/ProtectedCloudStorage
0x0000000034cc9000 	/System/Library/PrivateFrameworks/EFILogin.framework/Versions/A/EFILogin
0x0000000034cc9000 	/usr/lib/libutil.dylib
0x0000000034cc9000 	/System/Library/Frameworks/LDAP.framework/Versions/A/LDAP
0x0000000034cc9000 	/usr/lib/libsasl2.2.dylib
0x0000000034cc9000 	/System/Library/PrivateFrameworks/CoreDaemon.framework/Versions/B/CoreDaemon
0x0000000034cc9000 	/System/Library/PrivateFrameworks/AppleSRP.framework/Versions/A/AppleSRP
0x0000000034cc9000 	/System/Library/PrivateFrameworks/APFS.framework/Versions/A/APFS
0x000000012d66d000 	/Library/Java/JavaVirtualMachines/jdk1.8.0_51.jdk/Contents/Home/jre/lib/libfontmanager.dylib
0x0000000034cc9000 	/System/Library/PrivateFrameworks/ViewBridge.framework/Versions/A/ViewBridge
0x000000012d96f000 	/Library/Java/JavaVirtualMachines/jdk1.8.0_51.jdk/Contents/Home/jre/lib/libnio.dylib
0x0000000127f53000 	/Library/Java/JavaVirtualMachines/jdk1.8.0_51.jdk/Contents/Home/jre/lib/libjpeg.dylib

VM Arguments:
jvm_args: -Djava.library.path=/usr/local/Cellar/opencv3/HEAD-d9e364f/share/OpenCV/java -Dfile.encoding=UTF-8 
java_command: Main
java_class_path (initial): /Users/mithileshhinge/Documents/ARVIS/ARVIS-EclipseWorkspace/ARVIS-rasp-3b/bin:/usr/local/Cellar/opencv3/HEAD-d9e364f/share/OpenCV/java/opencv-330.jar:/Users/mithileshhinge/Documents/ARVIS/ARVIS-EclipseWorkspace/ARVIS-rasp-3b/xuggler/com.xuggle.utils-1.22.jar:/Users/mithileshhinge/Documents/ARVIS/ARVIS-EclipseWorkspace/ARVIS-rasp-3b/xuggler/commons-cli-1.1.jar:/Users/mithileshhinge/Documents/ARVIS/ARVIS-EclipseWorkspace/ARVIS-rasp-3b/xuggler/commons-lang3-3.5.jar:/Users/mithileshhinge/Documents/ARVIS/ARVIS-EclipseWorkspace/ARVIS-rasp-3b/xuggler/jl1.0.1.jar:/Users/mithileshhinge/Documents/ARVIS/ARVIS-EclipseWorkspace/ARVIS-rasp-3b/xuggler/jmf-2.1.1e.jar:/Users/mithileshhinge/Documents/ARVIS/ARVIS-EclipseWorkspace/ARVIS-rasp-3b/xuggler/junit-4.2.jar:/Users/mithileshhinge/Documents/ARVIS/ARVIS-EclipseWorkspace/ARVIS-rasp-3b/xuggler/logback-classic-1.0.0.jar:/Users/mithileshhinge/Documents/ARVIS/ARVIS-EclipseWorkspace/ARVIS-rasp-3b/xuggler/logback-core-1.0.0.jar:/Users/mithileshhinge/Documents/ARVIS/ARVIS-EclipseWorkspace/ARVIS-rasp-3b/xuggler/slf4j-api-1.7.21.jar:/Users/mithileshhinge/Documents/ARVIS/ARVIS-EclipseWorkspace/ARVIS-rasp-3b/xuggler/xuggle-xuggler-5.4.jar:/Users/mithileshhinge/Documents/ARVIS/ARVIS-EclipseWorkspace/ARVIS-rasp-3b/Mail/activation.jar:/Users/mithileshhinge/Documents/ARVIS/ARVIS-EclipseWorkspace/ARVIS-rasp-3b/Mail/mail.jar:/Users/mithileshhinge/Documents/ARVIS/ARVIS-EclipseWorkspace/ARVIS-rasp-3b/Mail/smtp.jar
Launcher Type: SUN_STANDARD

Environment Variables:
PATH=/usr/bin:/bin:/usr/sbin:/sbin
SHELL=/bin/bash
DISPLAY=/private/tmp/com.apple.launchd.xkS8bpld5B/org.macosforge.xquartz:0

Signal Handlers:
SIGSEGV: [libjvm.dylib+0x58ef35], sa_mask[0]=11111111011111110111111111111111, sa_flags=SA_ONSTACK|SA_RESTART|SA_SIGINFO
SIGBUS: [libjvm.dylib+0x58ef35], sa_mask[0]=11111111011111110111111111111111, sa_flags=SA_RESTART|SA_SIGINFO
SIGFPE: [libjvm.dylib+0x46c028], sa_mask[0]=11111111011111110111111111111111, sa_flags=SA_RESTART|SA_SIGINFO
SIGPIPE: [libjvm.dylib+0x46c028], sa_mask[0]=11111111011111110111111111111111, sa_flags=SA_RESTART|SA_SIGINFO
SIGXFSZ: [libjvm.dylib+0x46c028], sa_mask[0]=11111111011111110111111111111111, sa_flags=SA_RESTART|SA_SIGINFO
SIGILL: [libjvm.dylib+0x46c028], sa_mask[0]=11111111011111110111111111111111, sa_flags=SA_RESTART|SA_SIGINFO
SIGUSR1: SIG_DFL, sa_mask[0]=00000000000000000000000000000000, sa_flags=none
SIGUSR2: [libjvm.dylib+0x46bb46], sa_mask[0]=00100000000000000000000000000000, sa_flags=SA_RESTART|SA_SIGINFO
SIGHUP: [libjvm.dylib+0x46a119], sa_mask[0]=11111111011111110111111111111111, sa_flags=SA_RESTART|SA_SIGINFO
SIGINT: [libjvm.dylib+0x46a119], sa_mask[0]=11111111011111110111111111111111, sa_flags=SA_RESTART|SA_SIGINFO
SIGTERM: [libjvm.dylib+0x46a119], sa_mask[0]=11111111011111110111111111111111, sa_flags=SA_RESTART|SA_SIGINFO
SIGQUIT: [libjvm.dylib+0x46a119], sa_mask[0]=11111111011111110111111111111111, sa_flags=SA_RESTART|SA_SIGINFO


---------------  S Y S T E M  ---------------

OS:Bsduname:Darwin 16.4.0 Darwin Kernel Version 16.4.0: Thu Dec 22 22:53:21 PST 2016; root:xnu-3789.41.3~3/RELEASE_X86_64 x86_64
rlimit: STACK 8192k, CORE 0k, NPROC 709, NOFILE 10240, AS infinity
load average:5.76 4.31 4.78

CPU:total 4 (2 cores per cpu, 2 threads per core) family 6 model 61 stepping 4, cmov, cx8, fxsr, mmx, sse, sse2, sse3, ssse3, sse4.1, sse4.2, popcnt, avx, avx2, aes, clmul, erms, 3dnowpref, lzcnt, ht, tsc, tscinvbit, bmi1, bmi2, adx

Memory: 4k page, physical 4194304k(19788k free)

/proc/meminfo:


vm_info: Java HotSpot(TM) 64-Bit Server VM (25.51-b03) for bsd-amd64 JRE (1.8.0_51-b16), built on Jun  8 2015 18:01:11 by "java_re" with gcc 4.2.1 (Based on Apple Inc. build 5658) (LLVM build 2336.11.00)

time: Fri Jul 20 00:28:07 2018
elapsed time: 51 seconds (0d 0h 0m 51s)

